ImportError                               Traceback (most recent call last)
~\Anaconda3\lib\site-packages\tensorflow\python\pywrap_tensorflow.py in <module>
     63   try:
---> 64     from tensorflow.python._pywrap_tensorflow_internal import *
     65   # This try catch logic is because there is no bazel equivalent for py_extension.

ImportError: DLL load failed with error code -1073741795

During handling of the above exception, another exception occurred:

ImportError                               Traceback (most recent call last)
<ipython-input-1-64156d691fe5> in <module>
----> 1 import tensorflow as tf

~\Anaconda3\lib\site-packages\tensorflow\__init__.py in <module>
     39 import sys as _sys
     40 
---> 41 from tensorflow.python.tools import module_util as _module_util
     42 from tensorflow.python.util.lazy_loader import LazyLoader as _LazyLoader
     43 

~\Anaconda3\lib\site-packages\tensorflow\python\__init__.py in <module>
     37 # go/tf-wildcard-import
     38 # pylint: disable=wildcard-import,g-bad-import-order,g-import-not-at-top
---> 39 from tensorflow.python import pywrap_tensorflow as _pywrap_tensorflow
     40 
     41 from tensorflow.python.eager import context

~\Anaconda3\lib\site-packages\tensorflow\python\pywrap_tensorflow.py in <module>
     81 for some common reasons and solutions.  Include the entire stack trace
     82 above this error message when asking for help.""" % traceback.format_exc()
---> 83   raise ImportError(msg)
     84 
     85 # pylint: enable=wildcard-import,g-import-not-at-top,unused-import,line-too-long

ImportError: Traceback (most recent call last):
  File "C:\Users\KAMRAN\Anaconda3\lib\site-packages\tensorflow\python\pywrap_tensorflow.py", line 64, in <module>
    from tensorflow.python._pywrap_tensorflow_internal import *
ImportError: DLL load failed with error code -1073741795


Failed to load the native TensorFlow runtime.

See https://www.tensorflow.org/install/errors

for some common reasons and solutions.  Include the entire stack trace
above this error message when asking for help.

